<?xml version="1.0" encoding="UTF-8"?>
<!-- Generated by org.testng.reporters.JUnitXMLReporter -->
<testsuite hostname="DESKTOP-QQACKJ4" name="End To End Deployment" tests="0" failures="0" timestamp="18 Sep 2018 16:52:21 GMT" time="4.202" errors="0">
  <testcase name="@AfterClass teardown" time="0.0" classname="runner.RunCukes">
    <failure type="java.lang.NullPointerException">
      <![CDATA[java.lang.NullPointerException
	at com.cucumber.listener.Reporter.loadXMLConfig(Reporter.java:70)
	at runner.RunCukes.teardown(RunCukes.java:33)
... Removed 27 stack frames]]>
    </failure>
  </testcase> <!-- @AfterClass teardown -->
</testsuite> <!-- End To End Deployment -->
